[2025-12-21 00:46:08] [INFO] ========================================
[2025-12-21 00:46:08] [INFO] Daily Player Cache Refresh
[2025-12-21 00:46:08] [INFO] ========================================
[2025-12-21 00:46:08] [INFO] 
[2025-12-21 00:46:10] [INFO] Dev server is not running. Starting it...
[2025-12-21 00:46:10] [INFO] Starting dev server...
[2025-12-21 01:12:58] [INFO] ========================================
[2025-12-21 01:12:58] [INFO] Daily Player Cache Refresh
[2025-12-21 01:12:58] [INFO] ========================================
[2025-12-21 01:12:58] [INFO] 
[2025-12-21 01:12:58] [INFO] Dev server is already running
[2025-12-21 01:12:58] [INFO] Calling refresh endpoint: http://localhost:3000/api/cron/refresh-all-player-caches
[2025-12-21 01:12:58] [INFO] 
[2025-12-21 01:42:21] [INFO] ✅ Refresh completed successfully!
[2025-12-21 01:42:21] [INFO] 
[2025-12-21 01:42:21] [INFO] Results:
[2025-12-21 01:42:21] [INFO]   Total Players: 525
[2025-12-21 01:42:21] [INFO]   Shot Charts: 525 success, 0 failed
[2025-12-21 01:42:21] [INFO]   Play Types: 525 success, 0 failed
[2025-12-21 01:42:21] [INFO]   Duration: 1762.67s
[2025-12-21 01:42:21] [INFO] 
[2025-12-21 01:42:21] [INFO] ========================================
[2025-12-21 01:42:21] [INFO] Refresh completed successfully
[2025-12-21 01:42:21] [INFO] ========================================
