[2026-02-01 00:00:02] [INFO] ========================================
[2026-02-01 00:00:02] [INFO] Daily Player Cache Refresh
[2026-02-01 00:00:02] [INFO] ========================================
[2026-02-01 00:00:02] [INFO] 
[2026-02-01 00:00:04] [INFO] Dev server is not running. Starting it...
[2026-02-01 00:00:04] [INFO] Starting dev server...
[2026-02-01 00:00:05] [INFO] Dev server starting (PID: 58464)...
[2026-02-01 00:00:12] [INFO] Waiting for server to start... (5/300 seconds)
[2026-02-01 00:00:19] [INFO] Waiting for server to start... (10/300 seconds)
[2026-02-01 00:00:29] [INFO] Waiting for server to start... (15/300 seconds)
[2026-02-01 00:00:30] [INFO] Server is ready!
[2026-02-01 00:00:30] [INFO] Calling refresh endpoint: http://localhost:3000/api/cron/refresh-all-player-caches
[2026-02-01 00:00:30] [INFO] 
[2026-02-01 00:26:09] [INFO] ✅ Refresh completed successfully!
[2026-02-01 00:26:09] [INFO] 
[2026-02-01 00:26:09] [INFO] Results:
[2026-02-01 00:26:09] [INFO]   Total Players: 526
[2026-02-01 00:26:09] [INFO]   Shot Charts: 526 success, 0 failed
[2026-02-01 00:26:09] [INFO]   Play Types: 526 success, 0 failed
[2026-02-01 00:26:09] [INFO]   Duration: 1538.38s
[2026-02-01 00:26:09] [INFO] 
[2026-02-01 00:26:09] [INFO] ========================================
[2026-02-01 00:26:09] [INFO] Refresh completed successfully
[2026-02-01 00:26:09] [INFO] ========================================
