[2025-12-22 00:00:02] [INFO] ========================================
[2025-12-22 00:00:02] [INFO] Daily Player Cache Refresh
[2025-12-22 00:00:02] [INFO] ========================================
[2025-12-22 00:00:02] [INFO] 
[2025-12-22 00:00:04] [INFO] Dev server is not running. Starting it...
[2025-12-22 00:00:04] [INFO] Starting dev server...
[2025-12-22 00:00:04] [INFO] Dev server starting (PID: 8148)...
[2025-12-22 00:00:11] [INFO] Waiting for server to start... (5/300 seconds)
[2025-12-22 00:00:18] [INFO] Waiting for server to start... (10/300 seconds)
[2025-12-22 00:00:25] [INFO] Waiting for server to start... (15/300 seconds)
[2025-12-22 00:00:32] [INFO] Waiting for server to start... (20/300 seconds)
[2025-12-22 00:00:42] [INFO] Waiting for server to start... (25/300 seconds)
[2025-12-22 00:00:42] [INFO] Server is ready!
[2025-12-22 00:00:42] [INFO] Calling refresh endpoint: http://localhost:3000/api/cron/refresh-all-player-caches
[2025-12-22 00:00:42] [INFO] 
[2025-12-22 00:30:48] [INFO] ✅ Refresh completed successfully!
[2025-12-22 00:30:48] [INFO] 
[2025-12-22 00:30:48] [INFO] Results:
[2025-12-22 00:30:48] [INFO]   Total Players: 525
[2025-12-22 00:30:48] [INFO]   Shot Charts: 525 success, 0 failed
[2025-12-22 00:30:48] [INFO]   Play Types: 525 success, 0 failed
[2025-12-22 00:30:48] [INFO]   Duration: 1805.67s
[2025-12-22 00:30:48] [INFO] 
[2025-12-22 00:30:48] [INFO] ========================================
[2025-12-22 00:30:48] [INFO] Refresh completed successfully
[2025-12-22 00:30:48] [INFO] ========================================
[2025-12-22 00:30:48] [INFO] Stopping dev server (PID: 8148)...
[2025-12-22 00:30:48] [INFO] Dev server stopped
