[2026-01-28 00:00:02] [INFO] ========================================
[2026-01-28 00:00:02] [INFO] Daily Player Cache Refresh
[2026-01-28 00:00:02] [INFO] ========================================
[2026-01-28 00:00:02] [INFO] 
[2026-01-28 00:00:04] [INFO] Dev server is not running. Starting it...
[2026-01-28 00:00:04] [INFO] Starting dev server...
[2026-01-28 00:00:04] [INFO] Dev server starting (PID: 20888)...
[2026-01-28 00:00:11] [INFO] Waiting for server to start... (5/300 seconds)
[2026-01-28 00:00:18] [INFO] Waiting for server to start... (10/300 seconds)
[2026-01-28 00:00:25] [INFO] Waiting for server to start... (15/300 seconds)
[2026-01-28 00:00:35] [INFO] Waiting for server to start... (20/300 seconds)
[2026-01-28 00:00:37] [INFO] Server is ready!
[2026-01-28 00:00:37] [INFO] Calling refresh endpoint: http://localhost:3000/api/cron/refresh-all-player-caches
[2026-01-28 00:00:37] [INFO] 
[2026-01-28 00:27:02] [INFO] ✅ Refresh completed successfully!
[2026-01-28 00:27:02] [INFO] 
[2026-01-28 00:27:02] [INFO] Results:
[2026-01-28 00:27:02] [INFO]   Total Players: 526
[2026-01-28 00:27:03] [INFO]   Shot Charts: 526 success, 0 failed
[2026-01-28 00:27:03] [INFO]   Play Types: 526 success, 0 failed
[2026-01-28 00:27:03] [INFO]   Duration: 1585.39s
[2026-01-28 00:27:03] [INFO] 
[2026-01-28 00:27:03] [INFO] ========================================
[2026-01-28 00:27:03] [INFO] Refresh completed successfully
[2026-01-28 00:27:03] [INFO] ========================================
