[2026-02-05 00:00:02] [INFO] ========================================
[2026-02-05 00:00:02] [INFO] Daily Player Cache Refresh
[2026-02-05 00:00:02] [INFO] ========================================
[2026-02-05 00:00:02] [INFO] 
[2026-02-05 00:00:04] [INFO] Dev server is not running. Starting it...
[2026-02-05 00:00:04] [INFO] Starting dev server...
[2026-02-05 00:00:04] [INFO] Dev server starting (PID: 28592)...
[2026-02-05 00:00:12] [INFO] Waiting for server to start... (5/300 seconds)
[2026-02-05 00:00:19] [INFO] Waiting for server to start... (10/300 seconds)
[2026-02-05 00:00:26] [INFO] Waiting for server to start... (15/300 seconds)
[2026-02-05 00:00:36] [INFO] Waiting for server to start... (20/300 seconds)
[2026-02-05 00:00:38] [INFO] Server is ready!
[2026-02-05 00:00:38] [INFO] Calling refresh endpoint: http://localhost:3000/api/cron/refresh-all-player-caches
[2026-02-05 00:00:38] [INFO] 
[2026-02-05 00:25:25] [INFO] ✅ Refresh completed successfully!
[2026-02-05 00:25:25] [INFO] 
[2026-02-05 00:25:25] [INFO] Results:
[2026-02-05 00:25:25] [INFO]   Total Players: 524
[2026-02-05 00:25:25] [INFO]   Shot Charts: 524 success, 0 failed
[2026-02-05 00:25:25] [INFO]   Play Types: 524 success, 0 failed
[2026-02-05 00:25:25] [INFO]   Duration: 1486.40s
[2026-02-05 00:25:25] [INFO] 
[2026-02-05 00:25:25] [INFO] ========================================
[2026-02-05 00:25:25] [INFO] Refresh completed successfully
[2026-02-05 00:25:25] [INFO] ========================================
