[2026-02-21 00:00:02] [INFO] ========================================
[2026-02-21 00:00:02] [INFO] Daily Player Cache Refresh
[2026-02-21 00:00:02] [INFO] ========================================
[2026-02-21 00:00:02] [INFO] 
[2026-02-21 00:00:07] [INFO] Dev server is not running. Starting it...
[2026-02-21 00:00:07] [INFO] Starting dev server...
[2026-02-21 00:00:08] [INFO] Dev server starting (PID: 8076)...
[2026-02-21 00:00:10] [INFO] Server is ready!
[2026-02-21 00:00:10] [INFO] Calling refresh endpoint: http://localhost:3000/api/cron/refresh-all-player-caches
[2026-02-21 00:00:10] [INFO] 
[2026-02-21 00:25:41] [INFO] ✅ Refresh completed successfully!
[2026-02-21 00:25:41] [INFO] 
[2026-02-21 00:25:41] [INFO] Results:
[2026-02-21 00:25:41] [INFO]   Total Players: 522
[2026-02-21 00:25:41] [INFO]   Shot Charts: 522 success, 0 failed
[2026-02-21 00:25:41] [INFO]   Play Types: 522 success, 0 failed
[2026-02-21 00:25:41] [INFO]   Duration: 1530.08s
[2026-02-21 00:25:41] [INFO] 
[2026-02-21 00:25:41] [INFO] ========================================
[2026-02-21 00:25:41] [INFO] Refresh completed successfully
[2026-02-21 00:25:41] [INFO] ========================================
[2026-02-21 00:25:41] [INFO] Stopping dev server (PID: 8076)...
[2026-02-21 00:25:41] [INFO] Dev server stopped
